"C:/Users/Dell/Desktop/InfinityBlade/Content/AI/Mesh/SK_Mannequin_Skeleton.uasset" 0
"C:/Users/Dell/Desktop/InfinityBlade/Content/AI/Animation/Ainim_Death_L.uasset" 1
"C:/Users/Dell/Desktop/InfinityBlade/Content/AI/Animation/Ainim_Death_R.uasset" 2
"C:/Users/Dell/Desktop/InfinityBlade/Content/AI/Animation/Anim_Hit_Head_Left.uasset" 3
"C:/Users/Dell/Desktop/InfinityBlade/Content/AI/Animation/Anim_Hit_Head_RightDown.uasset" 4
"C:/Users/Dell/Desktop/InfinityBlade/Content/AI/Animation/Anim_Idle2.uasset" 5
"C:/Users/Dell/Desktop/InfinityBlade/Content/AI/Animation/Anim_Idle3.uasset" 6
"C:/Users/Dell/Desktop/InfinityBlade/Content/AI/CharM_Warrior/T_CharM_Warrior_D.uasset" 7
"C:/Users/Dell/Desktop/InfinityBlade/Content/AI/CharM_Warrior/T_CharM_Warrior_JewelMask.uasset" 8
"C:/Users/Dell/Desktop/InfinityBlade/Content/AI/CharM_Warrior/T_CharM_Warrior_N.uasset" 9
"C:/Users/Dell/Desktop/InfinityBlade/Content/AI/CharM_Warrior/T_CharM_WarriorB_Mask.uasset" 10
"C:/Users/Dell/Desktop/InfinityBlade/Content/AI/CharM_Warrior/M_Char_Warrior.uasset" 11
"C:/Users/Dell/Desktop/InfinityBlade/Content/AI/CharM_Warrior/T_CharM_Warrior_Emissive.uasset" 12
"C:/Users/Dell/Desktop/InfinityBlade/Content/Character/Mesh/SK_Mannequin_Skeleton.uasset" 13
"C:/Users/Dell/Desktop/InfinityBlade/Content/Character/Animation/Anim_Idle.uasset" 14
"C:/Users/Dell/Desktop/InfinityBlade/Content/Character/Animation/Anim_Run.uasset" 15
"C:/Users/Dell/Desktop/InfinityBlade/Content/Character/BluePrint/BP_XCharacterAnim.uasset" 16
"C:/Users/Dell/Desktop/InfinityBlade/Content/Sound/SkillSound/Sound_Shoot.uasset" 17
"C:/Users/Dell/Desktop/InfinityBlade/Content/Character/Animation/Anim_IceStone.uasset" 18
"C:/Users/Dell/Desktop/InfinityBlade/Content/Character/Animation/Anim_IceStone_Montage.uasset" 19
"C:/Users/Dell/Desktop/InfinityBlade/Content/Sound/SkillSound/Sound_Therapy.uasset" 20
"../../../Engine/Content/EngineResources/Black.uasset" 21
"C:/Users/Dell/Desktop/InfinityBlade/Content/UnsureSources/Masters/M_Add_Sprite_Master_DepthFade.uasset" 22
"C:/Users/Dell/Desktop/InfinityBlade/Content/UnsureSources/T_starFlare_01.uasset" 23
"C:/Users/Dell/Desktop/InfinityBlade/Content/UnsureSources/M_Flare_01_INST.uasset" 24
"C:/Users/Dell/Desktop/InfinityBlade/Content/UnsureSources/T_SoftFallOff.uasset" 25
"C:/Users/Dell/Desktop/InfinityBlade/Content/UnsureSources/M_Flare_03_INST.uasset" 26
"C:/Users/Dell/Desktop/InfinityBlade/Content/UnsureSources/T_Vertical_Glow.uasset" 27
"C:/Users/Dell/Desktop/InfinityBlade/Content/UnsureSources/M_Glow_Vertical_INST.uasset" 28
"C:/Users/Dell/Desktop/InfinityBlade/Content/UnsureSources/T_Black_32.uasset" 29
"C:/Users/Dell/Desktop/InfinityBlade/Content/UnsureSources/Masters/M_Trans_Sprite_Master.uasset" 30
"C:/Users/Dell/Desktop/InfinityBlade/Content/UnsureSources/T_HealHeart_02.uasset" 31
"C:/Users/Dell/Desktop/InfinityBlade/Content/UnsureSources/M_Heart_01_INST.uasset" 32
"C:/Users/Dell/Desktop/InfinityBlade/Content/UnsureSources/P_AU_Heal_01.uasset" 33
"C:/Users/Dell/Desktop/InfinityBlade/Content/Character/Animation/Anim_Therapy.uasset" 34
"C:/Users/Dell/Desktop/InfinityBlade/Content/Character/Animation/Anim_Therapy_Montage.uasset" 35
"C:/Users/Dell/Desktop/InfinityBlade/Content/Sound/SkillSound/Sound_Thunder.uasset" 36
"../../../Engine/Content/EngineMaterials/FlatNormal.uasset" 37
"C:/Users/Dell/Desktop/InfinityBlade/Content/UnsureSources/Masters/M_Trans_Sprite_Master_Surface.uasset" 38
"C:/Users/Dell/Desktop/InfinityBlade/Content/UnsureSources/T_cracks_01_N.uasset" 39
"C:/Users/Dell/Desktop/InfinityBlade/Content/UnsureSources/T_cracksIcey_01.uasset" 40
"C:/Users/Dell/Desktop/InfinityBlade/Content/UnsureSources/M_CrackedGround_Ice_01_INST.uasset" 41
"C:/Users/Dell/Desktop/InfinityBlade/Content/UnsureSources/Masters/M_Trans_Sprite_Master_DepthFade.uasset" 42
"C:/Users/Dell/Desktop/InfinityBlade/Content/UnsureSources/T_bloodTest_4X6.uasset" 43
"C:/Users/Dell/Desktop/InfinityBlade/Content/UnsureSources/M_Liquid_Spray_01_4X6_INST.uasset" 44
"C:/Users/Dell/Desktop/InfinityBlade/Content/UnsureSources/Masters/M_Trans_Sprite_Lit_SubUV_Master.uasset" 45
"C:/Users/Dell/Desktop/InfinityBlade/Content/UnsureSources/T_Rocks_3_3.uasset" 46
"C:/Users/Dell/Desktop/InfinityBlade/Content/UnsureSources/M_RockDebris_Trans_INST.uasset" 47
"C:/Users/Dell/Desktop/InfinityBlade/Content/UnsureSources/M_Add_Sprite_2Sided_Master.uasset" 48
"C:/Users/Dell/Desktop/InfinityBlade/Content/UnsureSources/T_BlastWave.uasset" 49
"C:/Users/Dell/Desktop/InfinityBlade/Content/UnsureSources/M_Shockwave_01_Add_2Side_INST.uasset" 50
"C:/Users/Dell/Desktop/InfinityBlade/Content/UnsureSources/Masters/M_Add_Sprite_Master.uasset" 51
"C:/Users/Dell/Desktop/InfinityBlade/Content/UnsureSources/M_Shockwave_01_ADD_INST.uasset" 52
"C:/Users/Dell/Desktop/InfinityBlade/Content/UnsureSources/T_GlowNoise_01.uasset" 53
"C:/Users/Dell/Desktop/InfinityBlade/Content/UnsureSources/M_Shockwave_03_Add_INST.uasset" 54
"C:/Users/Dell/Desktop/InfinityBlade/Content/UnsureSources/Masters/M_Trans_MeshEmit_2Sided_Pan_Mask_Master.uasset" 55
"C:/Users/Dell/Desktop/InfinityBlade/Content/UnsureSources/T_Tile_Noise_Tendril_01.uasset" 56
"C:/Users/Dell/Desktop/InfinityBlade/Content/UnsureSources/M_Tile_Noise_Tendril_01_In_INST.uasset" 57
"C:/Users/Dell/Desktop/InfinityBlade/Content/UnsureSources/SM_BlastWave.uasset" 58
"C:/Users/Dell/Desktop/InfinityBlade/Content/UnsureSources/SM_FireBlastMesh.uasset" 59
"C:/Users/Dell/Desktop/InfinityBlade/Content/UnsureSources/P_CIN_Landing_Ice.uasset" 60
"C:/Users/Dell/Desktop/InfinityBlade/Content/Character/Animation/Anim_Thunder.uasset" 61
"C:/Users/Dell/Desktop/InfinityBlade/Content/Character/Animation/Anim_Thunder_Montage.uasset" 62
"C:/Users/Dell/Desktop/InfinityBlade/Content/Sound/SkillSound/Sound_XBlade.uasset" 63
"C:/Users/Dell/Desktop/InfinityBlade/Content/UnsureSources/FX_Glow_12alpha.uasset" 64
"C:/Users/Dell/Desktop/InfinityBlade/Content/UnsureSources/M_Flare_09_Inst.uasset" 65
"C:/Users/Dell/Desktop/InfinityBlade/Content/UnsureSources/T_LightCone.uasset" 66
"C:/Users/Dell/Desktop/InfinityBlade/Content/UnsureSources/M_Flare_Vertical_02_Inst.uasset" 67
"C:/Users/Dell/Desktop/InfinityBlade/Content/UnsureSources/Masters/M_Add_Sprite_Pan_Emis_Mask_Master.uasset" 68
"C:/Users/Dell/Desktop/InfinityBlade/Content/UnsureSources/T_Resurrection_Phoenix.uasset" 69
"C:/Users/Dell/Desktop/InfinityBlade/Content/UnsureSources/M_Resurrection_Phoenix_INST.uasset" 70
"C:/Users/Dell/Desktop/InfinityBlade/Content/UnsureSources/T_Targeting_01.uasset" 71
"C:/Users/Dell/Desktop/InfinityBlade/Content/UnsureSources/M_Targeting_Enemy.uasset" 72
"C:/Users/Dell/Desktop/InfinityBlade/Content/UnsureSources/M_Shockwave_01_INST.uasset" 73
"C:/Users/Dell/Desktop/InfinityBlade/Content/UnsureSources/Masters/M_Add_Sprite_SubUV_Master.uasset" 74
"C:/Users/Dell/Desktop/InfinityBlade/Content/UnsureSources/T_Sparks_04_SubUV_1_4.uasset" 75
"C:/Users/Dell/Desktop/InfinityBlade/Content/UnsureSources/M_Spark_04_SubUV_1_4_INST.uasset" 76
"C:/Users/Dell/Desktop/InfinityBlade/Content/UnsureSources/SM_Shockwave_01.uasset" 77
"C:/Users/Dell/Desktop/InfinityBlade/Content/UnsureSources/P_Ausar_Resurrection.uasset" 78
"C:/Users/Dell/Desktop/InfinityBlade/Content/Character/Animation/Anim_XBlade.uasset" 79
"C:/Users/Dell/Desktop/InfinityBlade/Content/Character/Animation/Anim_XBlade_Montage.uasset" 80
"C:/Users/Dell/Desktop/InfinityBlade/Content/Sound/WeaponSound/Sound_Attack01.uasset" 81
"C:/Users/Dell/Desktop/InfinityBlade/Content/Weapon/Paticle/T_Trail.uasset" 82
"C:/Users/Dell/Desktop/InfinityBlade/Content/Weapon/Paticle/Mat_Trail.uasset" 83
"C:/Users/Dell/Desktop/InfinityBlade/Content/Weapon/Paticle/PS_Particle.uasset" 84
"C:/Users/Dell/Desktop/InfinityBlade/Content/Character/Animation/Anim_Attack01.uasset" 85
"C:/Users/Dell/Desktop/InfinityBlade/Content/Sound/WeaponSound/Sound_Attack02.uasset" 86
"C:/Users/Dell/Desktop/InfinityBlade/Content/Character/Animation/Anim_Attack02.uasset" 87
"C:/Users/Dell/Desktop/InfinityBlade/Content/Sound/WeaponSound/Sound_Attack03.uasset" 88
"C:/Users/Dell/Desktop/InfinityBlade/Content/Character/Animation/Anim_Attack03.uasset" 89
"C:/Users/Dell/Desktop/InfinityBlade/Content/Sound/WeaponSound/Sound_Attack04.uasset" 90
"C:/Users/Dell/Desktop/InfinityBlade/Content/Character/Animation/Anim_Attack04.uasset" 91
"C:/Users/Dell/Desktop/InfinityBlade/Content/Sound/WeaponSound/Sound_Attack05.uasset" 92
"C:/Users/Dell/Desktop/InfinityBlade/Content/Character/Animation/Anim_Attack05.uasset" 93
"C:/Users/Dell/Desktop/InfinityBlade/Content/Character/Animation/Montage_SerialAttack.uasset" 94
"C:/Users/Dell/Desktop/InfinityBlade/Content/Sound/SkillSound/Sound_Heavy_Hit.uasset" 95
"C:/Users/Dell/Desktop/InfinityBlade/Content/UnsureSources/Masters/M_Opaque_MeshEmit_Emis_Master.uasset" 96
"C:/Users/Dell/Desktop/InfinityBlade/Content/UnsureSources/T_Ice_Mesh02b.uasset" 97
"C:/Users/Dell/Desktop/InfinityBlade/Content/UnsureSources/M_Ice_Solid_01_INST.uasset" 98
"C:/Users/Dell/Desktop/InfinityBlade/Content/UnsureSources/SM_IceShard_01.uasset" 99
"C:/Users/Dell/Desktop/InfinityBlade/Content/UnsureSources/P_Ice_Spiderling_Proj.uasset" 100
"C:/Users/Dell/Desktop/InfinityBlade/Content/UnsureSources/T_IceChunks.uasset" 101
"C:/Users/Dell/Desktop/InfinityBlade/Content/UnsureSources/M_IceChunksBase.uasset" 102
"C:/Users/Dell/Desktop/InfinityBlade/Content/UnsureSources/T_IceShards_E.uasset" 103
"C:/Users/Dell/Desktop/InfinityBlade/Content/UnsureSources/T_JaggedRockSnowy_01_D.uasset" 104
"C:/Users/Dell/Desktop/InfinityBlade/Content/UnsureSources/T_JaggedRockSnowy_01_N.uasset" 105
"C:/Users/Dell/Desktop/InfinityBlade/Content/UnsureSources/M_JaggedRockIce_MeshEmit.uasset" 106
"C:/Users/Dell/Desktop/InfinityBlade/Content/UnsureSources/T_SmokeBall_01_8_8.uasset" 107
"C:/Users/Dell/Desktop/InfinityBlade/Content/UnsureSources/M_Smoke_01_8X8_INST.uasset" 108
"C:/Users/Dell/Desktop/InfinityBlade/Content/UnsureSources/SM_TapLob_Projectile_Ice_Bomblet.uasset" 109
"C:/Users/Dell/Desktop/InfinityBlade/Content/UnsureSources/P_ProjectileLob_Explo_Ice_02.uasset" 110
"C:/Users/Dell/Desktop/InfinityBlade/Content/Character/Skill/BP_IceStone.uasset" 111
"C:/Users/Dell/Desktop/InfinityBlade/Content/UnsureSources/M_Tile_Noise_Tendril_01_INST.uasset" 112
"C:/Users/Dell/Desktop/InfinityBlade/Content/UnsureSources/SM_Pointer_Sword.uasset" 113
"C:/Users/Dell/Desktop/InfinityBlade/Content/UnsureSources/P_AU_Sword_Proj_01.uasset" 114
"C:/Users/Dell/Desktop/InfinityBlade/Content/Character/Skill/BP_XBlade.uasset" 115
"C:/Users/Dell/Desktop/InfinityBlade/Content/Weapon/Mesh/Texture/T_Blade_Bubblewand1_D.uasset" 116
"C:/Users/Dell/Desktop/InfinityBlade/Content/Weapon/Mesh/Texture/T_Blade_Bubblewand1_N.uasset" 117
"C:/Users/Dell/Desktop/InfinityBlade/Content/Weapon/Mesh/Texture/T_Blade_Bubblewand2_D.uasset" 118
"C:/Users/Dell/Desktop/InfinityBlade/Content/Weapon/Mesh/Texture/T_Blade_Bubblewand2_N.uasset" 119
"C:/Users/Dell/Desktop/InfinityBlade/Content/Weapon/Mesh/Material/M_Blade_Bubblewand.uasset" 120
"C:/Users/Dell/Desktop/InfinityBlade/Content/Weapon/Mesh/SK_Blade_Bubblewand_Skeleton.uasset" 121
"C:/Users/Dell/Desktop/InfinityBlade/Content/Weapon/Mesh/SK_Blade_Bubblewand.uasset" 122
"C:/Users/Dell/Desktop/InfinityBlade/Content/Weapon/BP_XWeapon.uasset" 123
"C:/Users/Dell/Desktop/InfinityBlade/Content/Character/Mesh/Texture/Char_M_Cardboard_D.uasset" 124
"C:/Users/Dell/Desktop/InfinityBlade/Content/Character/Mesh/Texture/Char_M_Cardboard_N.uasset" 125
"C:/Users/Dell/Desktop/InfinityBlade/Content/Character/Mesh/Texture/Char_M_Cardboard_Skin_Mask.uasset" 126
"C:/Users/Dell/Desktop/InfinityBlade/Content/Character/Mesh/Material/M_Char_Cardboard.uasset" 127
"C:/Users/Dell/Desktop/InfinityBlade/Content/Character/Mesh/SK_CharM_Cardboard.uasset" 128
"C:/Users/Dell/Desktop/InfinityBlade/Content/Character/BluePrint/BP_XCharacter.uasset" 129
"C:/Users/Dell/Desktop/InfinityBlade/Content/UI/Font/Font_Custom.uasset" 130
"C:/Users/Dell/Desktop/InfinityBlade/Content/UI/Font/Font_Custom_Font.uasset" 131
"C:/Users/Dell/Desktop/InfinityBlade/Content/UI/Character/T_Equip_HP.uasset" 132
"C:/Users/Dell/Desktop/InfinityBlade/Content/UI/Common/T_Btn_Green.uasset" 133
"C:/Users/Dell/Desktop/InfinityBlade/Content/UI/Common/T_Btn_Green_Hover.uasset" 134
"C:/Users/Dell/Desktop/InfinityBlade/Content/UI/Common/T_Btn_Green_Press.uasset" 135
"C:/Users/Dell/Desktop/InfinityBlade/Content/UI/Common/T_Btn_Orange.uasset" 136
"C:/Users/Dell/Desktop/InfinityBlade/Content/UI/Common/T_Btn_Orange_Hover.uasset" 137
"C:/Users/Dell/Desktop/InfinityBlade/Content/UI/Common/T_Btn_Orange_Press.uasset" 138
"C:/Users/Dell/Desktop/InfinityBlade/Content/UI/Common/T_Input_Text.uasset" 139
"C:/Users/Dell/Desktop/InfinityBlade/Content/UI/BP_SingleItem.uasset" 140
"C:/Users/Dell/Desktop/InfinityBlade/Content/UI/Character/T_Character.uasset" 141
"C:/Users/Dell/Desktop/InfinityBlade/Content/UI/Common/T_Btn_Close.uasset" 142
"C:/Users/Dell/Desktop/InfinityBlade/Content/UI/Common/T_Btn_Close_Hover.uasset" 143
"C:/Users/Dell/Desktop/InfinityBlade/Content/UI/Common/T_Btn_Close_Press.uasset" 144
"C:/Users/Dell/Desktop/InfinityBlade/Content/UI/Common/T_Full_Window.uasset" 145
"C:/Users/Dell/Desktop/InfinityBlade/Content/UI/BP_CharacterWidget.uasset" 146
"C:/Users/Dell/Desktop/InfinityBlade/Content/UI/Start/T_Loading_Bg.uasset" 147
"C:/Users/Dell/Desktop/InfinityBlade/Content/UI/BP_LoadUserWidget.uasset" 148
"C:/Users/Dell/Desktop/InfinityBlade/Content/Sound/BtnSound/S_Btn_Press.uasset" 149
"C:/Users/Dell/Desktop/InfinityBlade/Content/UI/Common/T_Notification_Container.uasset" 150
"C:/Users/Dell/Desktop/InfinityBlade/Content/UI/BP_MessageWidget.uasset" 151
"C:/Users/Dell/Desktop/InfinityBlade/Content/UI/Common/T_Arrow_Left.uasset" 152
"C:/Users/Dell/Desktop/InfinityBlade/Content/UI/Common/T_Arrow_Left_Hover.uasset" 153
"C:/Users/Dell/Desktop/InfinityBlade/Content/UI/Common/T_Logo.uasset" 154
"C:/Users/Dell/Desktop/InfinityBlade/Content/UI/BP_LoginUserWidget.uasset" 155
"C:/Users/Dell/Desktop/InfinityBlade/Content/UI/Main/T_Attack_Float.uasset" 156
"C:/Users/Dell/Desktop/InfinityBlade/Content/UI/Main/T_Blood_Bg.uasset" 157
"C:/Users/Dell/Desktop/InfinityBlade/Content/UI/Main/T_Character.uasset" 158
"C:/Users/Dell/Desktop/InfinityBlade/Content/UI/Main/T_Circle1.uasset" 159
"C:/Users/Dell/Desktop/InfinityBlade/Content/UI/Main/T_Header.uasset" 160
"C:/Users/Dell/Desktop/InfinityBlade/Content/UI/Main/T_HP.uasset" 161
"C:/Users/Dell/Desktop/InfinityBlade/Content/UI/Main/T_MP.uasset" 162
"C:/Users/Dell/Desktop/InfinityBlade/Content/UI/Main/T_Setting.uasset" 163
"C:/Users/Dell/Desktop/InfinityBlade/Content/UI/Main/T_Skill_01.uasset" 164
"C:/Users/Dell/Desktop/InfinityBlade/Content/UI/Main/T_Skill_02.uasset" 165
"C:/Users/Dell/Desktop/InfinityBlade/Content/UI/Main/T_Skill_03.uasset" 166
"C:/Users/Dell/Desktop/InfinityBlade/Content/UI/Main/T_Skill_04.uasset" 167
"C:/Users/Dell/Desktop/InfinityBlade/Content/UI/Main/T_Skill_Circle.uasset" 168
"C:/Users/Dell/Desktop/InfinityBlade/Content/UI/Main/T_Sword_1.uasset" 169
"C:/Users/Dell/Desktop/InfinityBlade/Content/UI/Main/T_Tab.uasset" 170
"C:/Users/Dell/Desktop/InfinityBlade/Content/UI/Main/T_Tab_Container.uasset" 171
"C:/Users/Dell/Desktop/InfinityBlade/Content/UI/Main/T_Tab_Hover.uasset" 172
"C:/Users/Dell/Desktop/InfinityBlade/Content/UI/Main/T_Tab_Press.uasset" 173
"C:/Users/Dell/Desktop/InfinityBlade/Content/UI/Main/T_Top.uasset" 174
"C:/Users/Dell/Desktop/InfinityBlade/Content/UI/Main/T_X_Empty.uasset" 175
"C:/Users/Dell/Desktop/InfinityBlade/Content/UI/Main/T_X_Full.uasset" 176
"C:/Users/Dell/Desktop/InfinityBlade/Content/UI/BP_MainUserWidget.uasset" 177
"C:/Users/Dell/Desktop/InfinityBlade/Content/UI/BP_RegisterUserWidget.uasset" 178
"C:/Users/Dell/Desktop/InfinityBlade/Content/UI/Common/T_Common_Bg.uasset" 179
"C:/Users/Dell/Desktop/InfinityBlade/Content/UI/Start/T_Start_Bg.uasset" 180
"C:/Users/Dell/Desktop/InfinityBlade/Content/UI/BP_StartUserWidget.uasset" 181
"C:/Users/Dell/Desktop/InfinityBlade/Content/UI/Main/T_VirtualJoystick_Background.uasset" 182
"C:/Users/Dell/Desktop/InfinityBlade/Content/UI/Main/T_VirtualJoystick_Thumb.uasset" 183
"C:/Users/Dell/Desktop/InfinityBlade/Content/UI/ControllerJoysticks.uasset" 184
"C:/Users/Dell/Desktop/InfinityBlade/Content/UI/Common/T_Btn_Gray.uasset" 185
"C:/Users/Dell/Desktop/InfinityBlade/Content/UI/Common/T_Btn_Gray_Hover.uasset" 186
"C:/Users/Dell/Desktop/InfinityBlade/Content/UI/Common/T_Btn_Gray_Press.uasset" 187
"C:/Users/Dell/Desktop/InfinityBlade/Content/UI/Main/T_Attack_Ring.uasset" 188
"C:/Users/Dell/Desktop/InfinityBlade/Content/UI/Main/T_Sword.uasset" 189
"C:/Users/Dell/Desktop/InfinityBlade/Content/UnsureSources/Masters/M_Trans_Sprite_SubUV_Master.uasset" 190
"C:/Users/Dell/Desktop/InfinityBlade/Content/UnsureSources/T_FireBall_01B_8_8.uasset" 191
"C:/Users/Dell/Desktop/InfinityBlade/Content/UnsureSources/M_Fireball_01_8X8_INST.uasset" 192
"C:/Users/Dell/Desktop/InfinityBlade/Content/UnsureSources/T_Comet_Desat_grad.uasset" 193
"../../../Engine/Content/Animation/DefaultAnimCurveCompressionSettings.uasset" 194
"../../../Engine/Content/Functions/Engine_MaterialFunctions01/Opacity/CameraDepthFade.uasset" 195
"../../../Engine/Content/EngineMaterials/T_Default_Material_Grid_M.uasset" 196
"../../../Engine/Content/EngineMaterials/T_Default_Material_Grid_N.uasset" 197
"../../../Engine/Content/EngineMaterials/WorldGridMaterial.uasset" 198
"../../../Engine/Content/ArtTools/RenderToTexture/Meshes/S_1_Unit_Plane.uasset" 199
"../../../Engine/Content/EngineMaterials/DefaultMaterial.uasset" 200
"../../../Engine/Content/BasicShapes/Cone.uasset" 201
"../../../Engine/Content/BasicShapes/Cube.uasset" 202
"../../../Engine/Content/BasicShapes/Cylinder.uasset" 203
"../../../Engine/Content/BasicShapes/Plane.uasset" 204
"../../../Engine/Content/BasicShapes/Sphere.uasset" 205
"../../../Engine/Content/EditorLandscapeResources/DataLayer.uasset" 206
"../../../Engine/Content/EditorMaterials/MAT_Groups_Toggle.uasset" 207
"../../../Engine/Content/EditorMaterials/MAT_Groups_Visibility.uasset" 208
"../../../Engine/Content/EditorMaterials/PreviewShadowIndicator.uasset" 209
"../../../Engine/Content/EditorMaterials/PreviewShadowIndicatorMaterial.uasset" 210
"../../../Engine/Content/EditorMaterials/MatineeGroups/MAT_ColorTrack.uasset" 211
"../../../Engine/Content/EditorMaterials/MatineeGroups/MAT_Groups_Anim.uasset" 212
"../../../Engine/Content/EditorMaterials/MatineeGroups/MAT_Groups_AudioMaster.uasset" 213
"../../../Engine/Content/EditorMaterials/MatineeGroups/MAT_Groups_Director.uasset" 214
"../../../Engine/Content/EditorMaterials/MatineeGroups/MAT_Groups_Event.uasset" 215
"../../../Engine/Content/EditorMaterials/MatineeGroups/MAT_Groups_Fade.uasset" 216
"../../../Engine/Content/EditorMaterials/MatineeGroups/MAT_Groups_Float.uasset" 217
"../../../Engine/Content/EditorMaterials/MatineeGroups/MAT_Groups_Move.uasset" 218
"../../../Engine/Content/EditorMaterials/MatineeGroups/MAT_Groups_Slomo.uasset" 219
"../../../Engine/Content/EditorMaterials/MatineeGroups/MAT_Groups_Sound.uasset" 220
"../../../Engine/Content/EditorMaterials/MatineeGroups/MAT_Groups_Vector.uasset" 221
"../../../Engine/Content/EditorMaterials/ParticleSystems/PSysThumbnail_NoImage.uasset" 222
"../../../Engine/Content/EditorMaterials/ParticleSystems/PSysThumbnail_OOD.uasset" 223
"../../../Engine/Content/EditorMaterials/Camera/CineMat.uasset" 224
"../../../Engine/Content/EditorMaterials/Camera/MI_CineMat_Rig.uasset" 225
"../../../Engine/Content/EditorMeshes/Camera/SM_CraneRig_Arm.uasset" 226
"../../../Engine/Content/EditorMeshes/Camera/SM_CraneRig_Base.uasset" 227
"../../../Engine/Content/EditorMeshes/Camera/SM_CraneRig_Body.uasset" 228
"../../../Engine/Content/EditorMeshes/Camera/SM_CraneRig_Mount.uasset" 229
"../../../Engine/Content/EditorMeshes/Camera/SM_RailRig_Mount.uasset" 230
"../../../Engine/Content/EditorMeshes/Camera/SM_RailRig_Track.uasset" 231
"../../../Engine/Content/EditorResources/BSPVertex.uasset" 232
"../../../Engine/Content/EditorResources/EmptyActor.uasset" 233
"../../../Engine/Content/EditorResources/S_Actor.uasset" 234
"../../../Engine/Content/EditorResources/S_Note.uasset" 235
"../../../Engine/Content/EditorResources/S_Solver.uasset" 236
"../../../Engine/Content/EditorResources/S_Trigger.uasset" 237
"../../../Engine/Content/EditorResources/LightIcons/S_LightError.uasset" 238
"../../../Engine/Content/EditorResources/SequenceRecorder/Countdown.uasset" 239
"../../../Engine/Content/EditorResources/SequenceRecorder/RecordingIndicator.uasset" 240
"../../../Engine/Content/EditorSounds/Notifications/CompileFailed.uasset" 241
"../../../Engine/Content/EditorSounds/Notifications/CompileFailed_Cue.uasset" 242
"../../../Engine/Content/EditorSounds/Notifications/CompileSuccess.uasset" 243
"../../../Engine/Content/EditorSounds/Notifications/CompileStart_Cue.uasset" 244
"../../../Engine/Content/EditorSounds/Notifications/CompileSuccess_Cue.uasset" 245
"../../../Engine/Content/EngineDamageTypes/DmgTypeBP_Environmental.uasset" 246
"../../../Engine/Content/EngineDebugMaterials/DebugEditorMaterial.uasset" 247
"../../../Engine/Content/EngineDebugMaterials/DebugMeshMaterial.uasset" 248
"../../../Engine/Content/EngineDebugMaterials/M_SimpleTranslucent.uasset" 249
"../../../Engine/Content/Functions/Engine_MaterialFunctions02/Utility/CameraDirectionVector.uasset" 250
"../../../Engine/Content/EngineDebugMaterials/VolumeToRender.uasset" 251
"../../../Engine/Content/EngineDebugMaterials/M_VolumeRenderSphereTracePP.uasset" 252
"../../../Engine/Content/EngineDebugMaterials/WireframeMaterial.uasset" 253
"../../../Engine/Content/EngineFonts/Faces/DroidSansFallback.uasset" 254
"../../../Engine/Content/EngineFonts/Faces/RobotoBold.uasset" 255
"../../../Engine/Content/EngineFonts/Faces/RobotoBoldItalic.uasset" 256
"../../../Engine/Content/EngineFonts/Faces/RobotoItalic.uasset" 257
"../../../Engine/Content/EngineFonts/Faces/RobotoLight.uasset" 258
"../../../Engine/Content/EngineFonts/Faces/RobotoRegular.uasset" 259
"../../../Engine/Content/EngineFonts/Roboto.uasset" 260
"../../../Engine/Content/EngineMaterials/BaseFlattenDiffuseMap.uasset" 261
"../../../Engine/Content/EngineMaterials/BaseFlattenEmissiveMap.uasset" 262
"../../../Engine/Content/EngineMaterials/BaseFlattenGrayscaleMap.uasset" 263
"../../../Engine/Content/EngineMaterials/BaseFlattenNormalMap.uasset" 264
"../../../Engine/Content/EngineMaterials/BaseFlattenMaterial.uasset" 265
"../../../Engine/Content/EngineMaterials/BlueNoise.uasset" 266
"../../../Engine/Content/EngineMaterials/DefaultBloomKernel.uasset" 267
"../../../Engine/Content/EngineMaterials/DefaultBokeh.uasset" 268
"../../../Engine/Content/EngineMaterials/DefaultDiffuse.uasset" 269
"../../../Engine/Content/EngineMaterials/DefaultDeferredDecalMaterial.uasset" 270
"../../../Engine/Content/EngineMaterials/DefaultLightFunctionMaterial.uasset" 271
"../../../Engine/Content/EngineMaterials/DefaultPhysicalMaterial.uasset" 272
"../../../Engine/Content/Functions/Engine_MaterialFunctions02/Utility/BreakOutFloat2Components.uasset" 273
"../../../Engine/Content/EngineMaterials/DefaultPostProcessMaterial.uasset" 274
"../../../Engine/Content/EngineFonts/RobotoDistanceField.uasset" 275
"../../../Engine/Content/EngineMaterials/DefaultTextMaterialOpaque.uasset" 276
"../../../Engine/Content/EngineMaterials/DefaultVirtualTextureMaterial.uasset" 277
"../../../Engine/Content/EngineMaterials/DefaultWhiteGrid.uasset" 278
"../../../Engine/Content/EngineMaterials/DefaultWhiteGrid_Low.uasset" 279
"../../../Engine/Content/EngineMaterials/EmissiveMeshMaterial.uasset" 280
"../../../Engine/Content/EngineMaterials/GizmoMaterial.uasset" 281
"../../../Engine/Content/EngineMaterials/Good64x64TilingNoiseHighFreq.uasset" 282
"../../../Engine/Content/EngineMaterials/HairDefaultMaterial.uasset" 283
"../../../Engine/Content/EngineMaterials/MiniFont.uasset" 284
"../../../Engine/Content/EngineMaterials/InvalidLightmapSettings.uasset" 285
"../../../Engine/Content/EngineMaterials/M_InvalidLightmapSettings.uasset" 286
"../../../Engine/Content/Functions/Engine_MaterialFunctions02/WorldPositionOffset/CameraOffset.uasset" 287
"../../../Engine/Content/EngineMaterials/PhAT_JointLimitMaterial.uasset" 288
"../../../Engine/Content/EngineMaterials/PreintegratedSkinBRDF.uasset" 289
"../../../Engine/Content/EngineMaterials/RemoveSurfaceMaterial.uasset" 290
"../../../Engine/Content/EngineMaterials/WeightMapPlaceholderTexture.uasset" 291
"../../../Engine/Content/EngineResources/WhiteSquareTexture.uasset" 292
"../../../Engine/Content/EngineMaterials/Widget3DPassThrough.uasset" 293
"../../../Engine/Content/EngineMaterials/Widget3DPassThrough_Masked.uasset" 294
"../../../Engine/Content/EngineMaterials/Widget3DPassThrough_Opaque.uasset" 295
"../../../Engine/Content/EngineMaterials/Widget3DPassThrough_Masked_OneSided.uasset" 296
"../../../Engine/Content/EngineMaterials/Widget3DPassThrough_Opaque_OneSided.uasset" 297
"../../../Engine/Content/EngineMaterials/Widget3DPassThrough_Translucent.uasset" 298
"../../../Engine/Content/EngineMaterials/Widget3DPassThrough_Translucent_OneSided.uasset" 299
"../../../Engine/Content/EngineMeshes/Cylinder.uasset" 300
"../../../Engine/Content/EngineMeshes/Sphere.uasset" 301
"../../../Engine/Content/EngineResources/DefaultTexture.uasset" 302
"../../../Engine/Content/EngineResources/DefaultTextureCube.uasset" 303
"../../../Engine/Content/EngineResources/DefaultVolumeTexture2D.uasset" 304
"../../../Engine/Content/EngineResources/DefaultVolumeTexture.uasset" 305
"../../../Engine/Content/EngineResources/GradientTexture0.uasset" 306
"../../../Engine/Content/EngineSounds/Master.uasset" 307
"../../../Engine/Content/Functions/Engine_MaterialFunctions01/Shading/ConvertFromDiffSpec.uasset" 308
"../../../Engine/Content/Functions/Engine_MaterialFunctions01/Shading/PowerToRoughness.uasset" 309
"../../../Engine/Content/Maps/Templates/Thumbnails/Default.uasset" 310
"../../../Engine/Content/Maps/Templates/Thumbnails/TimeOfDay.uasset" 311
"../../../Engine/Content/Maps/Templates/Thumbnails/VR-Basic.uasset" 312
"../../../Engine/Content/MobileResources/T_MobileControls_texture.uasset" 313
"../../../Engine/Content/MobileResources/T_MobileMenu2.uasset" 314
"../../../Engine/Content/MobileResources/HUD/AnalogHat.uasset" 315
"../../../Engine/Content/MobileResources/HUD/VirtualJoystick_Background.uasset" 316
"../../../Engine/Content/MobileResources/HUD/VirtualJoystick_Thumb.uasset" 317
"../../../Engine/Content/MobileResources/HUD/DefaultVirtualJoysticks.uasset" 318
"../../../Engine/Content/MobileResources/HUD/LeftVirtualJoystickOnly.uasset" 319
"../../../Engine/Content/MobileResources/HUD/MobileHUDButton1_off.uasset" 320
"../../../Engine/Content/MobileResources/HUD/MobileHUDButton1_on.uasset" 321
"../../../Engine/Content/MobileResources/HUD/MobileHUDButton2_off.uasset" 322
"../../../Engine/Content/MobileResources/HUD/MobileHUDButton2_on.uasset" 323
"../../../Engine/Content/MobileResources/HUD/MobileHUDButton3.uasset" 324
"../../../Engine/Content/MobileResources/HUD/MobileHUDButtonFire.uasset" 325
"../../../Engine/Content/MobileResources/HUD/MobileHUDDirectionPad.uasset" 326
"../../../Engine/Content/MobileResources/HUD/MobileHUDDirectionPad2.uasset" 327
"../../../Engine/Content/MobileResources/HUD/MobileHUDDirectionPad3.uasset" 328
"../../../Engine/Content/MobileResources/HUD/MobileHUDDirectionStick.uasset" 329
"../../../Engine/Content/MobileResources/HUD/T_Castle_ThumbstickInner.uasset" 330
"../../../Engine/Content/MobileResources/HUD/T_Castle_ThumbstickOutter.uasset" 331
"../../../Engine/Content/Tutorial/ContentIntroCurve.uasset" 332
"../../../Engine/Content/Tutorial/Basics/LevelEditorAttract.uasset" 333
"../../../Engine/Content/Tutorial/Basics/TutorialAssets/icon_tab_Levels_40x.uasset" 334
"../../../Engine/Content/Tutorial/Basics/LevelEditorOverview.uasset" 335
"../../../Engine/Content/Tutorial/BlueprintTutorials/TutorialAssets/Blueprint_64x.uasset" 336
"../../../Engine/Content/Tutorial/BlueprintTutorials/BlueprintEditorTutorial.uasset" 337
"../../../Engine/Content/Tutorial/SubEditors/ParticleSystemEditorTutorial.uasset" 338
"../../../Engine/Content/Tutorial/SubEditors/TutorialAssets/T_SmokeSubUV_8X8.uasset" 339
"../../../Engine/Content/Tutorial/SubEditors/TutorialAssets/T_soft_smoke.uasset" 340
"../../../Engine/Content/Tutorial/SubEditors/TutorialAssets/M_smoke_subUV_blackbody.uasset" 341
"../../../Engine/Content/Tutorial/SubEditors/TutorialAssets/TutorialParticleSystem.uasset" 342
"../../../Engine/Content/VREditor/LaserPointer/VR_LaserPower_01.uasset" 343
"../../../Engine/Content/VREditor/TransformGizmo/TransformGizmoMaterial.uasset" 344
"../../../Engine/Content/VREditor/TransformGizmo/TranslucentTransformGizmoMaterial.uasset" 345
"../../../Engine/Content/VREditor/TransformGizmo/BoundingBoxCorner.uasset" 346
"../../../Engine/Content/VREditor/TransformGizmo/BoundingBoxEdge.uasset" 347
"../../../Engine/Content/VREditor/TransformGizmo/PlaneTranslationHandle.uasset" 348
"../../../Engine/Content/VREditor/TransformGizmo/Main.uasset" 349
"../../../Engine/Content/VREditor/TransformGizmo/Xray.uasset" 350
"../../../Engine/Content/VREditor/TransformGizmo/SM_Sequencer_Key.uasset" 351
"../../../Engine/Content/VREditor/TransformGizmo/SM_Sequencer_Node.uasset" 352
"../../Plugins/2D/Paper2D/Content/PlaceholderTextures/DummySpriteTexture.uasset" 353
"../../Plugins/2D/Paper2D/Content/DummySprite.uasset" 354
"../../Plugins/2D/Paper2D/Content/DefaultPaperTerrainMaterial.uasset" 355
"../../Plugins/2D/Paper2D/Content/DummySpriteTexture.uasset" 356
"../../Plugins/2D/Paper2D/Content/DefaultSpriteMaterial.uasset" 357
"../../Plugins/2D/Paper2D/Content/MaskedUnlitSpriteMaterial.uasset" 358
"../../Plugins/2D/Paper2D/Content/OpaqueUnlitSpriteMaterial.uasset" 359
"../../../Engine/Content/Functions/Engine_MaterialFunctions02/Utility/BreakOutFloat4Components.uasset" 360
"../../../Engine/Content/Functions/Engine_MaterialFunctions02/Utility/MakeFloat2.uasset" 361
"../../../Engine/Content/Functions/Engine_MaterialFunctions02/Utility/MakeFloat3.uasset" 362
"../../Plugins/Runtime/Oculus/OculusVR/Content/Materials/OculusMR_ChromaKey.uasset" 363
"../../Plugins/Runtime/Oculus/OculusVR/Content/Materials/OculusMR_ChromaKey_Lit.uasset" 364
"../../Plugins/Runtime/Oculus/OculusVR/Content/Materials/OculusMR_OpaqueColoredMaterial.uasset" 365
"../../Plugins/Runtime/Oculus/OculusVR/Content/Materials/OculusMR_WhiteMaterial.uasset" 366
"C:/Users/Dell/Desktop/InfinityBlade/Content/AI/Animation/Anim_Idle1.uasset" 367
"C:/Users/Dell/Desktop/InfinityBlade/Content/AI/Animation/Anim_Run.uasset" 368
"C:/Users/Dell/Desktop/InfinityBlade/Content/AI/Blueprint/BP_AMAIACharacter.uasset" 369
"C:/Users/Dell/Desktop/InfinityBlade/Content/AI/Animation/Ainim_Death_Front.uasset" 370
"C:/Users/Dell/Desktop/InfinityBlade/Content/AI/Animation/Ainim_Death_Front_Montage.uasset" 371
"C:/Users/Dell/Desktop/InfinityBlade/Content/AI/Animation/Anim_Attack01.uasset" 372
"C:/Users/Dell/Desktop/InfinityBlade/Content/AI/Animation/Anim_Attack01_Montage.uasset" 373
"C:/Users/Dell/Desktop/InfinityBlade/Content/AI/Animation/Anim_Attack02.uasset" 374
"C:/Users/Dell/Desktop/InfinityBlade/Content/AI/Animation/Anim_Attack02_Montage.uasset" 375
"C:/Users/Dell/Desktop/InfinityBlade/Content/AI/Animation/Anim_Attack03.uasset" 376
"C:/Users/Dell/Desktop/InfinityBlade/Content/AI/Animation/Anim_Attack03_Montage.uasset" 377
"C:/Users/Dell/Desktop/InfinityBlade/Content/AI/Animation/Anim_Attack04.uasset" 378
"C:/Users/Dell/Desktop/InfinityBlade/Content/AI/Animation/Anim_Attack04_Montage.uasset" 379
"C:/Users/Dell/Desktop/InfinityBlade/Content/AI/Animation/Anim_Hit_Head_Front.uasset" 380
"C:/Users/Dell/Desktop/InfinityBlade/Content/AI/Animation/Anim_Hit_Head_Front_Montage.uasset" 381
"C:/Users/Dell/Desktop/InfinityBlade/Content/AI/Blueprint/BB_AICharacter.uasset" 382
"C:/Users/Dell/Desktop/InfinityBlade/Content/AI/Blueprint/BT_AICharacter.uasset" 383
"C:/Users/Dell/Desktop/InfinityBlade/Content/Weapon/AIWeapon.uasset" 384
"C:/Users/Dell/Desktop/InfinityBlade/Content/AI/CharM_Warrior/T_CharM_WarriorB_D.uasset" 385
"C:/Users/Dell/Desktop/InfinityBlade/Content/AI/CharM_Warrior/M_Char_Warrior_B.uasset" 386
"C:/Users/Dell/Desktop/InfinityBlade/Content/AI/Mesh/SK_CharM_Warrior.uasset" 387
"C:/Users/Dell/Desktop/InfinityBlade/Content/UI/BP_AIHPBar.uasset" 388
"C:/Users/Dell/Desktop/InfinityBlade/Content/AI/Blueprint/BP_AICharacter.uasset" 389
"../../../Engine/Content/EditorBlueprintResources/StandardMacros.uasset" 390
"../../../Engine/Content/EngineSky/C_Sky_Cloud_Color.uasset" 391
"../../../Engine/Content/EngineSky/C_Sky_Horizon_Color.uasset" 392
"../../../Engine/Content/EngineSky/C_Sky_Zenith_Color.uasset" 393
"../../../Engine/Content/EngineSky/T_Sky_Blue.uasset" 394
"../../../Engine/Content/EngineSky/T_Sky_Clouds_M.uasset" 395
"../../../Engine/Content/EngineSky/T_Sky_Stars.uasset" 396
"../../../Engine/Content/EngineSky/M_Sky_Panning_Clouds2.uasset" 397
"../../../Engine/Content/EngineSky/SM_SkySphere.uasset" 398
"../../../Engine/Content/EngineSky/BP_Sky_Sphere.uasset" 399
"C:/Users/Dell/Desktop/InfinityBlade/Content/Pickup/Mat_HP.uasset" 400
"../../../Engine/Content/BasicShapes/BasicShapeMaterial.uasset" 401
"C:/Users/Dell/Desktop/InfinityBlade/Content/Pickup/BP_HpMesh.uasset" 402
"C:/Users/Dell/Desktop/InfinityBlade/Content/Pickup/BP_HPPickup.uasset" 403
"C:/Users/Dell/Desktop/InfinityBlade/Content/Pickup/Mat_MP.uasset" 404
"C:/Users/Dell/Desktop/InfinityBlade/Content/UI/Character/T_Equip_MP.uasset" 405
"C:/Users/Dell/Desktop/InfinityBlade/Content/Pickup/BP_MPPickup.uasset" 406
"C:/Users/Dell/Desktop/InfinityBlade/Content/Map/Map_Main.umap" 407
"C:/Users/Dell/Desktop/InfinityBlade/Content/Map/Map_Start.umap" 408
"../../../Engine/Content/Maps/Entry_BuiltData.uasset" 409
"../../../Engine/Content/Maps/Entry.umap" 410
